----------------------------------------------------------------
<<<<<<< HEAD
Tue Nov 21 22:24:04 COT 2017:
Booting Derby version The Apache Software Foundation - Apache Derby - 10.13.1.1 - (1765088): instance a816c00e-015f-e1c1-04c7-000002c1e468 
on database directory C:\Users\LLLL\Desktop\Clinica\DB\Derby.DB with class loader sun.misc.Launcher$AppClassLoader@3d4eac69 
Loaded from file:/C:/Users/LLLL/Desktop/Clinica/jars/derby.jar
=======
Tue Nov 21 21:00:39 COT 2017:
Booting Derby version The Apache Software Foundation - Apache Derby - 10.13.1.1 - (1765088): instance a816c00e-015f-e174-a4a6-000003ee4750 
on database directory C:\Users\Pechito\Desktop\Clinica\DB\Derby.DB with class loader sun.misc.Launcher$AppClassLoader@3d4eac69 
Loaded from file:/C:/Users/Pechito/Desktop/Clinica/jars/derby.jar
>>>>>>> 10b1b1771d480728126e404c39e6b5d076a97520
java.vendor=Oracle Corporation
java.runtime.version=1.8.0_144-b01
user.dir=C:\Users\Pechito\Desktop\Clinica
os.name=Windows 10
os.arch=amd64
os.version=10.0
derby.system.home=null
Database Class Loader started - derby.database.classpath=''
<<<<<<< HEAD
----------------------------------------------------------------
Tue Nov 21 22:24:16 COT 2017: Shutting down Derby engine
----------------------------------------------------------------
Tue Nov 21 22:24:16 COT 2017:
Shutting down instance a816c00e-015f-e1c1-04c7-000002c1e468 on database directory C:\Users\LLLL\Desktop\Clinica\DB\Derby.DB with class loader sun.misc.Launcher$AppClassLoader@3d4eac69 
----------------------------------------------------------------
=======
>>>>>>> 10b1b1771d480728126e404c39e6b5d076a97520
